<?xml version="1.0" encoding="UTF-8"?>
<testng-results skipped="0" failed="0" ignored="0" total="1" passed="1">
  <reporter-output>
  </reporter-output>
  <suite name="main" duration-ms="52" started-at="2021-08-15T17:04:42 IST" finished-at="2021-08-15T17:04:42 IST">
    <groups>
    </groups>
    <test name="k" duration-ms="52" started-at="2021-08-15T17:04:42 IST" finished-at="2021-08-15T17:04:42 IST">
      <class name="a">
        <test-method status="PASS" signature="main()[pri:0, instance:a@7fac631b]" name="main" duration-ms="8" started-at="2021-08-15T17:04:42 IST" finished-at="2021-08-15T17:04:42 IST">
          <reporter-output>
          </reporter-output>
        </test-method> <!-- main -->
      </class> <!-- a -->
    </test> <!-- k -->
  </suite> <!-- main -->
</testng-results>
